[2024-08-29T14:22:47.192+0000] {taskinstance.py:1979} INFO - Dependencies all met for dep_context=non-requeueable deps ti=<TaskInstance: customer_metrics.load_customer_transactions_raw scheduled__2024-08-28T00:00:00+00:00 [queued]>
[2024-08-29T14:22:47.198+0000] {taskinstance.py:1979} INFO - Dependencies all met for dep_context=requeueable deps ti=<TaskInstance: customer_metrics.load_customer_transactions_raw scheduled__2024-08-28T00:00:00+00:00 [queued]>
[2024-08-29T14:22:47.199+0000] {taskinstance.py:2193} INFO - Starting attempt 1 of 1
[2024-08-29T14:22:47.207+0000] {taskinstance.py:2214} INFO - Executing <Task(AirbyteTriggerSyncOperator): load_customer_transactions_raw> on 2024-08-28 00:00:00+00:00
[2024-08-29T14:22:47.213+0000] {standard_task_runner.py:60} INFO - Started process 60966 to run task
[2024-08-29T14:22:47.215+0000] {standard_task_runner.py:87} INFO - Running: ['airflow', 'tasks', 'run', 'customer_metrics', 'load_customer_transactions_raw', 'scheduled__2024-08-28T00:00:00+00:00', '--job-id', '11', '--raw', '--subdir', 'DAGS_FOLDER/customer_metrics.py', '--cfg-path', '/tmp/tmpl7u4b76i']
[2024-08-29T14:22:47.217+0000] {standard_task_runner.py:88} INFO - Job 11: Subtask load_customer_transactions_raw
[2024-08-29T14:22:47.247+0000] {task_command.py:423} INFO - Running <TaskInstance: customer_metrics.load_customer_transactions_raw scheduled__2024-08-28T00:00:00+00:00 [running]> on host d3a9f90a4da3
[2024-08-29T14:22:47.292+0000] {taskinstance.py:2510} INFO - Exporting env vars: AIRFLOW_CTX_DAG_OWNER='airflow' AIRFLOW_CTX_DAG_ID='customer_metrics' AIRFLOW_CTX_TASK_ID='load_customer_transactions_raw' AIRFLOW_CTX_EXECUTION_DATE='2024-08-28T00:00:00+00:00' AIRFLOW_CTX_TRY_NUMBER='1' AIRFLOW_CTX_DAG_RUN_ID='scheduled__2024-08-28T00:00:00+00:00'
[2024-08-29T14:22:47.300+0000] {base.py:83} INFO - Using connection ID 'airbyte' for task execution.
[2024-08-29T14:22:47.924+0000] {airbyte.py:86} INFO - Job 5 was submitted to Airbyte Server
[2024-08-29T14:22:47.926+0000] {airbyte.py:88} INFO - Waiting for job 5 to complete
[2024-08-29T14:22:50.961+0000] {base.py:83} INFO - Using connection ID 'airbyte' for task execution.
[2024-08-29T14:22:54.098+0000] {base.py:83} INFO - Using connection ID 'airbyte' for task execution.
[2024-08-29T14:22:57.343+0000] {base.py:83} INFO - Using connection ID 'airbyte' for task execution.
[2024-08-29T14:23:00.554+0000] {base.py:83} INFO - Using connection ID 'airbyte' for task execution.
[2024-08-29T14:23:03.843+0000] {base.py:83} INFO - Using connection ID 'airbyte' for task execution.
[2024-08-29T14:23:06.969+0000] {base.py:83} INFO - Using connection ID 'airbyte' for task execution.
[2024-08-29T14:23:06.986+0000] {airbyte.py:112} INFO - Job 5 completed successfully
[2024-08-29T14:23:07.012+0000] {taskinstance.py:1149} INFO - Marking task as SUCCESS. dag_id=customer_metrics, task_id=load_customer_transactions_raw, execution_date=20240828T000000, start_date=20240829T142247, end_date=20240829T142307
[2024-08-29T14:23:07.064+0000] {local_task_job_runner.py:234} INFO - Task exited with return code 0
[2024-08-29T14:23:07.109+0000] {taskinstance.py:3309} INFO - 0 downstream tasks scheduled from follow-on schedule check
