[2024-03-05T11:39:38.936+0000] {processor.py:161} INFO - Started process (PID=167) to work on /opt/airflow/dags/generate_data.py
[2024-03-05T11:39:38.938+0000] {processor.py:830} INFO - Processing file /opt/airflow/dags/generate_data.py for tasks to queue
[2024-03-05T11:39:38.940+0000] {logging_mixin.py:188} INFO - [2024-03-05T11:39:38.939+0000] {dagbag.py:540} INFO - Filling up the DagBag from /opt/airflow/dags/generate_data.py
[2024-03-05T11:39:39.028+0000] {processor.py:840} INFO - DAG(s) 'generate_data' retrieved from /opt/airflow/dags/generate_data.py
[2024-03-05T11:39:39.103+0000] {logging_mixin.py:188} INFO - [2024-03-05T11:39:39.103+0000] {dag.py:3047} INFO - Sync 1 DAGs
[2024-03-05T11:39:39.118+0000] {logging_mixin.py:188} INFO - [2024-03-05T11:39:39.118+0000] {dag.py:3834} INFO - Setting next_dagrun for generate_data to 2024-03-04 00:00:00+00:00, run_after=2024-03-05 00:00:00+00:00
[2024-03-05T11:39:39.133+0000] {processor.py:183} INFO - Processing /opt/airflow/dags/generate_data.py took 0.201 seconds
[2024-03-05T11:40:09.369+0000] {processor.py:161} INFO - Started process (PID=178) to work on /opt/airflow/dags/generate_data.py
[2024-03-05T11:40:09.370+0000] {processor.py:830} INFO - Processing file /opt/airflow/dags/generate_data.py for tasks to queue
[2024-03-05T11:40:09.372+0000] {logging_mixin.py:188} INFO - [2024-03-05T11:40:09.371+0000] {dagbag.py:540} INFO - Filling up the DagBag from /opt/airflow/dags/generate_data.py
[2024-03-05T11:40:09.463+0000] {processor.py:840} INFO - DAG(s) 'generate_data' retrieved from /opt/airflow/dags/generate_data.py
[2024-03-05T11:40:09.479+0000] {logging_mixin.py:188} INFO - [2024-03-05T11:40:09.479+0000] {dag.py:3047} INFO - Sync 1 DAGs
[2024-03-05T11:40:09.492+0000] {logging_mixin.py:188} INFO - [2024-03-05T11:40:09.492+0000] {dag.py:3834} INFO - Setting next_dagrun for generate_data to 2024-03-04 00:00:00+00:00, run_after=2024-03-05 00:00:00+00:00
[2024-03-05T11:40:09.501+0000] {processor.py:183} INFO - Processing /opt/airflow/dags/generate_data.py took 0.139 seconds
[2024-03-05T11:40:40.137+0000] {processor.py:161} INFO - Started process (PID=189) to work on /opt/airflow/dags/generate_data.py
[2024-03-05T11:40:40.138+0000] {processor.py:830} INFO - Processing file /opt/airflow/dags/generate_data.py for tasks to queue
[2024-03-05T11:40:40.139+0000] {logging_mixin.py:188} INFO - [2024-03-05T11:40:40.138+0000] {dagbag.py:540} INFO - Filling up the DagBag from /opt/airflow/dags/generate_data.py
[2024-03-05T11:40:40.249+0000] {processor.py:840} INFO - DAG(s) 'generate_data' retrieved from /opt/airflow/dags/generate_data.py
[2024-03-05T11:40:40.273+0000] {logging_mixin.py:188} INFO - [2024-03-05T11:40:40.273+0000] {dag.py:3047} INFO - Sync 1 DAGs
[2024-03-05T11:40:40.288+0000] {logging_mixin.py:188} INFO - [2024-03-05T11:40:40.288+0000] {dag.py:3834} INFO - Setting next_dagrun for generate_data to 2024-03-04 00:00:00+00:00, run_after=2024-03-05 00:00:00+00:00
[2024-03-05T11:40:40.298+0000] {processor.py:183} INFO - Processing /opt/airflow/dags/generate_data.py took 0.165 seconds
[2024-03-05T11:41:10.984+0000] {processor.py:161} INFO - Started process (PID=199) to work on /opt/airflow/dags/generate_data.py
[2024-03-05T11:41:10.985+0000] {processor.py:830} INFO - Processing file /opt/airflow/dags/generate_data.py for tasks to queue
[2024-03-05T11:41:10.986+0000] {logging_mixin.py:188} INFO - [2024-03-05T11:41:10.985+0000] {dagbag.py:540} INFO - Filling up the DagBag from /opt/airflow/dags/generate_data.py
[2024-03-05T11:41:11.100+0000] {processor.py:840} INFO - DAG(s) 'generate_data' retrieved from /opt/airflow/dags/generate_data.py
[2024-03-05T11:41:11.124+0000] {logging_mixin.py:188} INFO - [2024-03-05T11:41:11.124+0000] {dag.py:3047} INFO - Sync 1 DAGs
[2024-03-05T11:41:11.138+0000] {logging_mixin.py:188} INFO - [2024-03-05T11:41:11.138+0000] {dag.py:3834} INFO - Setting next_dagrun for generate_data to 2024-03-04 00:00:00+00:00, run_after=2024-03-05 00:00:00+00:00
[2024-03-05T11:41:11.149+0000] {processor.py:183} INFO - Processing /opt/airflow/dags/generate_data.py took 0.169 seconds
[2024-03-05T11:41:41.231+0000] {processor.py:161} INFO - Started process (PID=210) to work on /opt/airflow/dags/generate_data.py
[2024-03-05T11:41:41.232+0000] {processor.py:830} INFO - Processing file /opt/airflow/dags/generate_data.py for tasks to queue
[2024-03-05T11:41:41.233+0000] {logging_mixin.py:188} INFO - [2024-03-05T11:41:41.233+0000] {dagbag.py:540} INFO - Filling up the DagBag from /opt/airflow/dags/generate_data.py
[2024-03-05T11:41:41.304+0000] {processor.py:840} INFO - DAG(s) 'generate_data' retrieved from /opt/airflow/dags/generate_data.py
[2024-03-05T11:41:41.321+0000] {logging_mixin.py:188} INFO - [2024-03-05T11:41:41.320+0000] {dag.py:3047} INFO - Sync 1 DAGs
[2024-03-05T11:41:41.335+0000] {logging_mixin.py:188} INFO - [2024-03-05T11:41:41.335+0000] {dag.py:3834} INFO - Setting next_dagrun for generate_data to 2024-03-04 00:00:00+00:00, run_after=2024-03-05 00:00:00+00:00
[2024-03-05T11:41:41.343+0000] {processor.py:183} INFO - Processing /opt/airflow/dags/generate_data.py took 0.116 seconds
[2024-03-05T11:42:11.917+0000] {processor.py:161} INFO - Started process (PID=221) to work on /opt/airflow/dags/generate_data.py
[2024-03-05T11:42:11.919+0000] {processor.py:830} INFO - Processing file /opt/airflow/dags/generate_data.py for tasks to queue
[2024-03-05T11:42:11.920+0000] {logging_mixin.py:188} INFO - [2024-03-05T11:42:11.919+0000] {dagbag.py:540} INFO - Filling up the DagBag from /opt/airflow/dags/generate_data.py
[2024-03-05T11:42:12.166+0000] {processor.py:840} INFO - DAG(s) 'generate_data' retrieved from /opt/airflow/dags/generate_data.py
[2024-03-05T11:42:12.238+0000] {logging_mixin.py:188} INFO - [2024-03-05T11:42:12.237+0000] {dag.py:3047} INFO - Sync 1 DAGs
[2024-03-05T11:42:12.262+0000] {logging_mixin.py:188} INFO - [2024-03-05T11:42:12.262+0000] {dag.py:3834} INFO - Setting next_dagrun for generate_data to 2024-03-04 00:00:00+00:00, run_after=2024-03-05 00:00:00+00:00
[2024-03-05T11:42:12.275+0000] {processor.py:183} INFO - Processing /opt/airflow/dags/generate_data.py took 0.378 seconds
[2024-03-05T11:42:42.395+0000] {processor.py:161} INFO - Started process (PID=232) to work on /opt/airflow/dags/generate_data.py
[2024-03-05T11:42:42.396+0000] {processor.py:830} INFO - Processing file /opt/airflow/dags/generate_data.py for tasks to queue
[2024-03-05T11:42:42.397+0000] {logging_mixin.py:188} INFO - [2024-03-05T11:42:42.397+0000] {dagbag.py:540} INFO - Filling up the DagBag from /opt/airflow/dags/generate_data.py
[2024-03-05T11:42:42.513+0000] {processor.py:840} INFO - DAG(s) 'generate_data' retrieved from /opt/airflow/dags/generate_data.py
[2024-03-05T11:42:42.541+0000] {logging_mixin.py:188} INFO - [2024-03-05T11:42:42.540+0000] {dag.py:3047} INFO - Sync 1 DAGs
[2024-03-05T11:42:42.565+0000] {logging_mixin.py:188} INFO - [2024-03-05T11:42:42.565+0000] {dag.py:3834} INFO - Setting next_dagrun for generate_data to 2024-03-04 00:00:00+00:00, run_after=2024-03-05 00:00:00+00:00
[2024-03-05T11:42:42.575+0000] {processor.py:183} INFO - Processing /opt/airflow/dags/generate_data.py took 0.201 seconds
[2024-03-05T11:43:12.681+0000] {processor.py:161} INFO - Started process (PID=243) to work on /opt/airflow/dags/generate_data.py
[2024-03-05T11:43:12.682+0000] {processor.py:830} INFO - Processing file /opt/airflow/dags/generate_data.py for tasks to queue
[2024-03-05T11:43:12.683+0000] {logging_mixin.py:188} INFO - [2024-03-05T11:43:12.683+0000] {dagbag.py:540} INFO - Filling up the DagBag from /opt/airflow/dags/generate_data.py
[2024-03-05T11:43:12.788+0000] {processor.py:840} INFO - DAG(s) 'generate_data' retrieved from /opt/airflow/dags/generate_data.py
[2024-03-05T11:43:12.810+0000] {logging_mixin.py:188} INFO - [2024-03-05T11:43:12.810+0000] {dag.py:3047} INFO - Sync 1 DAGs
[2024-03-05T11:43:12.830+0000] {logging_mixin.py:188} INFO - [2024-03-05T11:43:12.829+0000] {dag.py:3834} INFO - Setting next_dagrun for generate_data to 2024-03-04 00:00:00+00:00, run_after=2024-03-05 00:00:00+00:00
[2024-03-05T11:43:12.848+0000] {processor.py:183} INFO - Processing /opt/airflow/dags/generate_data.py took 0.171 seconds
[2024-03-05T11:43:42.963+0000] {processor.py:161} INFO - Started process (PID=254) to work on /opt/airflow/dags/generate_data.py
[2024-03-05T11:43:42.967+0000] {processor.py:830} INFO - Processing file /opt/airflow/dags/generate_data.py for tasks to queue
[2024-03-05T11:43:42.970+0000] {logging_mixin.py:188} INFO - [2024-03-05T11:43:42.969+0000] {dagbag.py:540} INFO - Filling up the DagBag from /opt/airflow/dags/generate_data.py
[2024-03-05T11:43:43.222+0000] {processor.py:840} INFO - DAG(s) 'generate_data' retrieved from /opt/airflow/dags/generate_data.py
[2024-03-05T11:43:43.245+0000] {logging_mixin.py:188} INFO - [2024-03-05T11:43:43.245+0000] {dag.py:3047} INFO - Sync 1 DAGs
[2024-03-05T11:43:43.261+0000] {logging_mixin.py:188} INFO - [2024-03-05T11:43:43.261+0000] {dag.py:3834} INFO - Setting next_dagrun for generate_data to 2024-03-04 00:00:00+00:00, run_after=2024-03-05 00:00:00+00:00
[2024-03-05T11:43:43.282+0000] {processor.py:183} INFO - Processing /opt/airflow/dags/generate_data.py took 0.329 seconds
[2024-03-05T11:44:13.820+0000] {processor.py:161} INFO - Started process (PID=265) to work on /opt/airflow/dags/generate_data.py
[2024-03-05T11:44:13.821+0000] {processor.py:830} INFO - Processing file /opt/airflow/dags/generate_data.py for tasks to queue
[2024-03-05T11:44:13.822+0000] {logging_mixin.py:188} INFO - [2024-03-05T11:44:13.821+0000] {dagbag.py:540} INFO - Filling up the DagBag from /opt/airflow/dags/generate_data.py
[2024-03-05T11:44:13.974+0000] {processor.py:840} INFO - DAG(s) 'generate_data' retrieved from /opt/airflow/dags/generate_data.py
[2024-03-05T11:44:14.114+0000] {logging_mixin.py:188} INFO - [2024-03-05T11:44:14.113+0000] {dag.py:3047} INFO - Sync 1 DAGs
[2024-03-05T11:44:14.135+0000] {logging_mixin.py:188} INFO - [2024-03-05T11:44:14.135+0000] {dag.py:3834} INFO - Setting next_dagrun for generate_data to 2024-03-04 00:00:00+00:00, run_after=2024-03-05 00:00:00+00:00
[2024-03-05T11:44:14.149+0000] {processor.py:183} INFO - Processing /opt/airflow/dags/generate_data.py took 0.336 seconds
[2024-03-05T11:44:45.148+0000] {processor.py:161} INFO - Started process (PID=276) to work on /opt/airflow/dags/generate_data.py
[2024-03-05T11:44:45.149+0000] {processor.py:830} INFO - Processing file /opt/airflow/dags/generate_data.py for tasks to queue
[2024-03-05T11:44:45.151+0000] {logging_mixin.py:188} INFO - [2024-03-05T11:44:45.150+0000] {dagbag.py:540} INFO - Filling up the DagBag from /opt/airflow/dags/generate_data.py
[2024-03-05T11:44:45.293+0000] {processor.py:840} INFO - DAG(s) 'generate_data' retrieved from /opt/airflow/dags/generate_data.py
[2024-03-05T11:44:45.339+0000] {logging_mixin.py:188} INFO - [2024-03-05T11:44:45.338+0000] {dag.py:3047} INFO - Sync 1 DAGs
[2024-03-05T11:44:45.356+0000] {logging_mixin.py:188} INFO - [2024-03-05T11:44:45.356+0000] {dag.py:3834} INFO - Setting next_dagrun for generate_data to 2024-03-04 00:00:00+00:00, run_after=2024-03-05 00:00:00+00:00
[2024-03-05T11:44:45.365+0000] {processor.py:183} INFO - Processing /opt/airflow/dags/generate_data.py took 0.223 seconds
[2024-03-05T11:45:15.459+0000] {processor.py:161} INFO - Started process (PID=287) to work on /opt/airflow/dags/generate_data.py
[2024-03-05T11:45:15.462+0000] {processor.py:830} INFO - Processing file /opt/airflow/dags/generate_data.py for tasks to queue
[2024-03-05T11:45:15.464+0000] {logging_mixin.py:188} INFO - [2024-03-05T11:45:15.464+0000] {dagbag.py:540} INFO - Filling up the DagBag from /opt/airflow/dags/generate_data.py
[2024-03-05T11:45:15.569+0000] {processor.py:840} INFO - DAG(s) 'generate_data' retrieved from /opt/airflow/dags/generate_data.py
[2024-03-05T11:45:15.595+0000] {logging_mixin.py:188} INFO - [2024-03-05T11:45:15.595+0000] {dag.py:3047} INFO - Sync 1 DAGs
[2024-03-05T11:45:15.611+0000] {logging_mixin.py:188} INFO - [2024-03-05T11:45:15.611+0000] {dag.py:3834} INFO - Setting next_dagrun for generate_data to 2024-03-04 00:00:00+00:00, run_after=2024-03-05 00:00:00+00:00
[2024-03-05T11:45:15.622+0000] {processor.py:183} INFO - Processing /opt/airflow/dags/generate_data.py took 0.186 seconds
[2024-03-05T11:45:46.602+0000] {processor.py:161} INFO - Started process (PID=298) to work on /opt/airflow/dags/generate_data.py
[2024-03-05T11:45:46.603+0000] {processor.py:830} INFO - Processing file /opt/airflow/dags/generate_data.py for tasks to queue
[2024-03-05T11:45:46.605+0000] {logging_mixin.py:188} INFO - [2024-03-05T11:45:46.604+0000] {dagbag.py:540} INFO - Filling up the DagBag from /opt/airflow/dags/generate_data.py
[2024-03-05T11:45:46.710+0000] {processor.py:840} INFO - DAG(s) 'generate_data' retrieved from /opt/airflow/dags/generate_data.py
[2024-03-05T11:45:46.738+0000] {logging_mixin.py:188} INFO - [2024-03-05T11:45:46.738+0000] {dag.py:3047} INFO - Sync 1 DAGs
[2024-03-05T11:45:46.757+0000] {logging_mixin.py:188} INFO - [2024-03-05T11:45:46.756+0000] {dag.py:3834} INFO - Setting next_dagrun for generate_data to 2024-03-04 00:00:00+00:00, run_after=2024-03-05 00:00:00+00:00
[2024-03-05T11:45:46.772+0000] {processor.py:183} INFO - Processing /opt/airflow/dags/generate_data.py took 0.175 seconds
[2024-03-05T11:46:17.021+0000] {processor.py:161} INFO - Started process (PID=309) to work on /opt/airflow/dags/generate_data.py
[2024-03-05T11:46:17.025+0000] {processor.py:830} INFO - Processing file /opt/airflow/dags/generate_data.py for tasks to queue
[2024-03-05T11:46:17.028+0000] {logging_mixin.py:188} INFO - [2024-03-05T11:46:17.026+0000] {dagbag.py:540} INFO - Filling up the DagBag from /opt/airflow/dags/generate_data.py
[2024-03-05T11:46:17.222+0000] {processor.py:840} INFO - DAG(s) 'generate_data' retrieved from /opt/airflow/dags/generate_data.py
[2024-03-05T11:46:17.346+0000] {logging_mixin.py:188} INFO - [2024-03-05T11:46:17.345+0000] {dag.py:3047} INFO - Sync 1 DAGs
[2024-03-05T11:46:17.377+0000] {logging_mixin.py:188} INFO - [2024-03-05T11:46:17.377+0000] {dag.py:3834} INFO - Setting next_dagrun for generate_data to 2024-03-04 00:00:00+00:00, run_after=2024-03-05 00:00:00+00:00
[2024-03-05T11:46:17.393+0000] {processor.py:183} INFO - Processing /opt/airflow/dags/generate_data.py took 0.396 seconds
[2024-03-05T11:46:47.778+0000] {processor.py:161} INFO - Started process (PID=320) to work on /opt/airflow/dags/generate_data.py
[2024-03-05T11:46:47.779+0000] {processor.py:830} INFO - Processing file /opt/airflow/dags/generate_data.py for tasks to queue
[2024-03-05T11:46:47.781+0000] {logging_mixin.py:188} INFO - [2024-03-05T11:46:47.780+0000] {dagbag.py:540} INFO - Filling up the DagBag from /opt/airflow/dags/generate_data.py
[2024-03-05T11:46:48.167+0000] {processor.py:840} INFO - DAG(s) 'generate_data' retrieved from /opt/airflow/dags/generate_data.py
[2024-03-05T11:46:48.198+0000] {logging_mixin.py:188} INFO - [2024-03-05T11:46:48.198+0000] {dag.py:3047} INFO - Sync 1 DAGs
[2024-03-05T11:46:48.214+0000] {logging_mixin.py:188} INFO - [2024-03-05T11:46:48.214+0000] {dag.py:3834} INFO - Setting next_dagrun for generate_data to 2024-03-04 00:00:00+00:00, run_after=2024-03-05 00:00:00+00:00
[2024-03-05T11:46:48.225+0000] {processor.py:183} INFO - Processing /opt/airflow/dags/generate_data.py took 0.451 seconds
[2024-03-05T11:47:18.605+0000] {processor.py:161} INFO - Started process (PID=331) to work on /opt/airflow/dags/generate_data.py
[2024-03-05T11:47:18.607+0000] {processor.py:830} INFO - Processing file /opt/airflow/dags/generate_data.py for tasks to queue
[2024-03-05T11:47:18.610+0000] {logging_mixin.py:188} INFO - [2024-03-05T11:47:18.609+0000] {dagbag.py:540} INFO - Filling up the DagBag from /opt/airflow/dags/generate_data.py
[2024-03-05T11:47:18.725+0000] {processor.py:840} INFO - DAG(s) 'generate_data' retrieved from /opt/airflow/dags/generate_data.py
[2024-03-05T11:47:18.751+0000] {logging_mixin.py:188} INFO - [2024-03-05T11:47:18.751+0000] {dag.py:3047} INFO - Sync 1 DAGs
[2024-03-05T11:47:18.769+0000] {logging_mixin.py:188} INFO - [2024-03-05T11:47:18.769+0000] {dag.py:3834} INFO - Setting next_dagrun for generate_data to 2024-03-04 00:00:00+00:00, run_after=2024-03-05 00:00:00+00:00
[2024-03-05T11:47:18.780+0000] {processor.py:183} INFO - Processing /opt/airflow/dags/generate_data.py took 0.198 seconds
[2024-03-05T11:47:50.593+0000] {processor.py:161} INFO - Started process (PID=342) to work on /opt/airflow/dags/generate_data.py
[2024-03-05T11:47:50.595+0000] {processor.py:830} INFO - Processing file /opt/airflow/dags/generate_data.py for tasks to queue
[2024-03-05T11:47:50.597+0000] {logging_mixin.py:188} INFO - [2024-03-05T11:47:50.596+0000] {dagbag.py:540} INFO - Filling up the DagBag from /opt/airflow/dags/generate_data.py
[2024-03-05T11:47:50.758+0000] {processor.py:840} INFO - DAG(s) 'generate_data' retrieved from /opt/airflow/dags/generate_data.py
[2024-03-05T11:47:50.807+0000] {logging_mixin.py:188} INFO - [2024-03-05T11:47:50.807+0000] {dag.py:3047} INFO - Sync 1 DAGs
[2024-03-05T11:47:50.832+0000] {logging_mixin.py:188} INFO - [2024-03-05T11:47:50.831+0000] {dag.py:3834} INFO - Setting next_dagrun for generate_data to 2024-03-04 00:00:00+00:00, run_after=2024-03-05 00:00:00+00:00
[2024-03-05T11:47:51.037+0000] {processor.py:183} INFO - Processing /opt/airflow/dags/generate_data.py took 0.453 seconds
[2024-03-05T11:48:21.871+0000] {processor.py:161} INFO - Started process (PID=353) to work on /opt/airflow/dags/generate_data.py
[2024-03-05T11:48:21.873+0000] {processor.py:830} INFO - Processing file /opt/airflow/dags/generate_data.py for tasks to queue
[2024-03-05T11:48:21.874+0000] {logging_mixin.py:188} INFO - [2024-03-05T11:48:21.874+0000] {dagbag.py:540} INFO - Filling up the DagBag from /opt/airflow/dags/generate_data.py
[2024-03-05T11:48:21.983+0000] {processor.py:840} INFO - DAG(s) 'generate_data' retrieved from /opt/airflow/dags/generate_data.py
[2024-03-05T11:48:22.048+0000] {logging_mixin.py:188} INFO - [2024-03-05T11:48:22.048+0000] {dag.py:3047} INFO - Sync 1 DAGs
[2024-03-05T11:48:22.069+0000] {logging_mixin.py:188} INFO - [2024-03-05T11:48:22.069+0000] {dag.py:3834} INFO - Setting next_dagrun for generate_data to 2024-03-04 00:00:00+00:00, run_after=2024-03-05 00:00:00+00:00
[2024-03-05T11:48:22.080+0000] {processor.py:183} INFO - Processing /opt/airflow/dags/generate_data.py took 0.216 seconds
[2024-03-05T11:48:52.296+0000] {processor.py:161} INFO - Started process (PID=364) to work on /opt/airflow/dags/generate_data.py
[2024-03-05T11:48:52.297+0000] {processor.py:830} INFO - Processing file /opt/airflow/dags/generate_data.py for tasks to queue
[2024-03-05T11:48:52.298+0000] {logging_mixin.py:188} INFO - [2024-03-05T11:48:52.298+0000] {dagbag.py:540} INFO - Filling up the DagBag from /opt/airflow/dags/generate_data.py
[2024-03-05T11:48:52.376+0000] {processor.py:840} INFO - DAG(s) 'generate_data' retrieved from /opt/airflow/dags/generate_data.py
[2024-03-05T11:48:52.393+0000] {logging_mixin.py:188} INFO - [2024-03-05T11:48:52.393+0000] {dag.py:3047} INFO - Sync 1 DAGs
[2024-03-05T11:48:52.408+0000] {logging_mixin.py:188} INFO - [2024-03-05T11:48:52.408+0000] {dag.py:3834} INFO - Setting next_dagrun for generate_data to 2024-03-04 00:00:00+00:00, run_after=2024-03-05 00:00:00+00:00
[2024-03-05T11:48:52.416+0000] {processor.py:183} INFO - Processing /opt/airflow/dags/generate_data.py took 0.129 seconds
[2024-03-05T11:49:22.766+0000] {processor.py:161} INFO - Started process (PID=375) to work on /opt/airflow/dags/generate_data.py
[2024-03-05T11:49:22.767+0000] {processor.py:830} INFO - Processing file /opt/airflow/dags/generate_data.py for tasks to queue
[2024-03-05T11:49:22.768+0000] {logging_mixin.py:188} INFO - [2024-03-05T11:49:22.768+0000] {dagbag.py:540} INFO - Filling up the DagBag from /opt/airflow/dags/generate_data.py
[2024-03-05T11:49:22.956+0000] {processor.py:840} INFO - DAG(s) 'generate_data' retrieved from /opt/airflow/dags/generate_data.py
[2024-03-05T11:49:22.979+0000] {logging_mixin.py:188} INFO - [2024-03-05T11:49:22.979+0000] {dag.py:3047} INFO - Sync 1 DAGs
[2024-03-05T11:49:22.996+0000] {logging_mixin.py:188} INFO - [2024-03-05T11:49:22.996+0000] {dag.py:3834} INFO - Setting next_dagrun for generate_data to 2024-03-04 00:00:00+00:00, run_after=2024-03-05 00:00:00+00:00
[2024-03-05T11:49:23.011+0000] {processor.py:183} INFO - Processing /opt/airflow/dags/generate_data.py took 0.249 seconds
[2024-03-05T11:49:53.260+0000] {processor.py:161} INFO - Started process (PID=386) to work on /opt/airflow/dags/generate_data.py
[2024-03-05T11:49:53.261+0000] {processor.py:830} INFO - Processing file /opt/airflow/dags/generate_data.py for tasks to queue
[2024-03-05T11:49:53.262+0000] {logging_mixin.py:188} INFO - [2024-03-05T11:49:53.262+0000] {dagbag.py:540} INFO - Filling up the DagBag from /opt/airflow/dags/generate_data.py
[2024-03-05T11:49:53.337+0000] {processor.py:840} INFO - DAG(s) 'generate_data' retrieved from /opt/airflow/dags/generate_data.py
[2024-03-05T11:49:53.356+0000] {logging_mixin.py:188} INFO - [2024-03-05T11:49:53.356+0000] {dag.py:3047} INFO - Sync 1 DAGs
[2024-03-05T11:49:53.370+0000] {logging_mixin.py:188} INFO - [2024-03-05T11:49:53.370+0000] {dag.py:3834} INFO - Setting next_dagrun for generate_data to 2024-03-04 00:00:00+00:00, run_after=2024-03-05 00:00:00+00:00
[2024-03-05T11:49:53.378+0000] {processor.py:183} INFO - Processing /opt/airflow/dags/generate_data.py took 0.122 seconds
[2024-03-05T11:50:23.944+0000] {processor.py:161} INFO - Started process (PID=397) to work on /opt/airflow/dags/generate_data.py
[2024-03-05T11:50:23.946+0000] {processor.py:830} INFO - Processing file /opt/airflow/dags/generate_data.py for tasks to queue
[2024-03-05T11:50:23.948+0000] {logging_mixin.py:188} INFO - [2024-03-05T11:50:23.947+0000] {dagbag.py:540} INFO - Filling up the DagBag from /opt/airflow/dags/generate_data.py
[2024-03-05T11:50:24.055+0000] {processor.py:840} INFO - DAG(s) 'generate_data' retrieved from /opt/airflow/dags/generate_data.py
[2024-03-05T11:50:24.091+0000] {logging_mixin.py:188} INFO - [2024-03-05T11:50:24.091+0000] {dag.py:3047} INFO - Sync 1 DAGs
[2024-03-05T11:50:24.112+0000] {logging_mixin.py:188} INFO - [2024-03-05T11:50:24.112+0000] {dag.py:3834} INFO - Setting next_dagrun for generate_data to 2024-03-04 00:00:00+00:00, run_after=2024-03-05 00:00:00+00:00
[2024-03-05T11:50:24.126+0000] {processor.py:183} INFO - Processing /opt/airflow/dags/generate_data.py took 0.190 seconds
[2024-03-05T11:50:54.552+0000] {processor.py:161} INFO - Started process (PID=408) to work on /opt/airflow/dags/generate_data.py
[2024-03-05T11:50:54.554+0000] {processor.py:830} INFO - Processing file /opt/airflow/dags/generate_data.py for tasks to queue
[2024-03-05T11:50:54.556+0000] {logging_mixin.py:188} INFO - [2024-03-05T11:50:54.555+0000] {dagbag.py:540} INFO - Filling up the DagBag from /opt/airflow/dags/generate_data.py
[2024-03-05T11:50:54.677+0000] {processor.py:840} INFO - DAG(s) 'generate_data' retrieved from /opt/airflow/dags/generate_data.py
[2024-03-05T11:50:54.710+0000] {logging_mixin.py:188} INFO - [2024-03-05T11:50:54.710+0000] {dag.py:3047} INFO - Sync 1 DAGs
[2024-03-05T11:50:54.759+0000] {logging_mixin.py:188} INFO - [2024-03-05T11:50:54.759+0000] {dag.py:3834} INFO - Setting next_dagrun for generate_data to 2024-03-04 00:00:00+00:00, run_after=2024-03-05 00:00:00+00:00
[2024-03-05T11:50:54.776+0000] {processor.py:183} INFO - Processing /opt/airflow/dags/generate_data.py took 0.233 seconds
