[2024-03-03T22:19:47.620+0000] {taskinstance.py:1979} INFO - Dependencies all met for dep_context=non-requeueable deps ti=<TaskInstance: customer_metrics.write_to_staging scheduled__2024-03-02T00:00:00+00:00 [queued]>
[2024-03-03T22:19:47.626+0000] {taskinstance.py:1979} INFO - Dependencies all met for dep_context=requeueable deps ti=<TaskInstance: customer_metrics.write_to_staging scheduled__2024-03-02T00:00:00+00:00 [queued]>
[2024-03-03T22:19:47.626+0000] {taskinstance.py:2193} INFO - Starting attempt 1 of 1
[2024-03-03T22:19:47.637+0000] {taskinstance.py:2214} INFO - Executing <Task(AirbyteTriggerSyncOperator): write_to_staging> on 2024-03-02 00:00:00+00:00
[2024-03-03T22:19:47.640+0000] {standard_task_runner.py:60} INFO - Started process 579 to run task
[2024-03-03T22:19:47.644+0000] {standard_task_runner.py:87} INFO - Running: ['airflow', 'tasks', 'run', 'customer_metrics', 'write_to_staging', 'scheduled__2024-03-02T00:00:00+00:00', '--job-id', '5', '--raw', '--subdir', 'DAGS_FOLDER/customer_metrics.py', '--cfg-path', '/tmp/tmpdmztu1g7']
[2024-03-03T22:19:47.645+0000] {standard_task_runner.py:88} INFO - Job 5: Subtask write_to_staging
[2024-03-03T22:19:47.687+0000] {task_command.py:423} INFO - Running <TaskInstance: customer_metrics.write_to_staging scheduled__2024-03-02T00:00:00+00:00 [running]> on host 713bfe0e4459
[2024-03-03T22:19:47.796+0000] {taskinstance.py:2510} INFO - Exporting env vars: AIRFLOW_CTX_DAG_OWNER='airflow' AIRFLOW_CTX_DAG_ID='customer_metrics' AIRFLOW_CTX_TASK_ID='write_to_staging' AIRFLOW_CTX_EXECUTION_DATE='2024-03-02T00:00:00+00:00' AIRFLOW_CTX_TRY_NUMBER='1' AIRFLOW_CTX_DAG_RUN_ID='scheduled__2024-03-02T00:00:00+00:00'
[2024-03-03T22:19:47.806+0000] {base.py:83} INFO - Using connection ID 'airbyte' for task execution.
[2024-03-03T22:19:48.455+0000] {airbyte.py:86} INFO - Job 44 was submitted to Airbyte Server
[2024-03-03T22:19:48.456+0000] {airbyte.py:88} INFO - Waiting for job 44 to complete
[2024-03-03T22:19:51.463+0000] {base.py:83} INFO - Using connection ID 'airbyte' for task execution.
[2024-03-03T22:19:54.492+0000] {base.py:83} INFO - Using connection ID 'airbyte' for task execution.
[2024-03-03T22:19:57.524+0000] {base.py:83} INFO - Using connection ID 'airbyte' for task execution.
[2024-03-03T22:20:00.565+0000] {base.py:83} INFO - Using connection ID 'airbyte' for task execution.
[2024-03-03T22:20:03.588+0000] {base.py:83} INFO - Using connection ID 'airbyte' for task execution.
[2024-03-03T22:20:06.618+0000] {base.py:83} INFO - Using connection ID 'airbyte' for task execution.
[2024-03-03T22:20:09.663+0000] {base.py:83} INFO - Using connection ID 'airbyte' for task execution.
[2024-03-03T22:20:09.690+0000] {airbyte.py:112} INFO - Job 44 completed successfully
[2024-03-03T22:20:09.718+0000] {taskinstance.py:1149} INFO - Marking task as SUCCESS. dag_id=customer_metrics, task_id=write_to_staging, execution_date=20240302T000000, start_date=20240303T221947, end_date=20240303T222009
[2024-03-03T22:20:09.742+0000] {local_task_job_runner.py:234} INFO - Task exited with return code 0
[2024-03-03T22:20:09.768+0000] {taskinstance.py:3309} INFO - 1 downstream tasks scheduled from follow-on schedule check
