[2024-03-03T00:59:39.723+0000] {taskinstance.py:1979} INFO - Dependencies all met for dep_context=non-requeueable deps ti=<TaskInstance: generate_data.generate_transaction_data scheduled__2024-03-02T00:00:00+00:00 [queued]>
[2024-03-03T00:59:39.726+0000] {taskinstance.py:1979} INFO - Dependencies all met for dep_context=requeueable deps ti=<TaskInstance: generate_data.generate_transaction_data scheduled__2024-03-02T00:00:00+00:00 [queued]>
[2024-03-03T00:59:39.727+0000] {taskinstance.py:2193} INFO - Starting attempt 1 of 1
[2024-03-03T00:59:39.732+0000] {taskinstance.py:2214} INFO - Executing <Task(_PythonDecoratedOperator): generate_transaction_data> on 2024-03-02 00:00:00+00:00
[2024-03-03T00:59:39.735+0000] {standard_task_runner.py:60} INFO - Started process 1528 to run task
[2024-03-03T00:59:39.737+0000] {standard_task_runner.py:87} INFO - Running: ['airflow', 'tasks', 'run', 'generate_data', 'generate_transaction_data', 'scheduled__2024-03-02T00:00:00+00:00', '--job-id', '20', '--raw', '--subdir', 'DAGS_FOLDER/generate_data.py', '--cfg-path', '/tmp/tmpf6vmvx1c']
[2024-03-03T00:59:39.738+0000] {standard_task_runner.py:88} INFO - Job 20: Subtask generate_transaction_data
[2024-03-03T00:59:39.764+0000] {task_command.py:423} INFO - Running <TaskInstance: generate_data.generate_transaction_data scheduled__2024-03-02T00:00:00+00:00 [running]> on host 80e4fb35984b
[2024-03-03T00:59:39.810+0000] {taskinstance.py:2510} INFO - Exporting env vars: AIRFLOW_CTX_DAG_OWNER='airflow' AIRFLOW_CTX_DAG_ID='generate_data' AIRFLOW_CTX_TASK_ID='generate_transaction_data' AIRFLOW_CTX_EXECUTION_DATE='2024-03-02T00:00:00+00:00' AIRFLOW_CTX_TRY_NUMBER='1' AIRFLOW_CTX_DAG_RUN_ID='scheduled__2024-03-02T00:00:00+00:00'
[2024-03-03T00:59:39.824+0000] {logging_mixin.py:188} INFO - Error creating table: could not translate host name "project-airbyte-db" to address: Name or service not known
[2024-03-03T00:59:39.830+0000] {logging_mixin.py:188} INFO - Error: could not translate host name "project-airbyte-db" to address: Name or service not known
[2024-03-03T00:59:39.835+0000] {logging_mixin.py:188} INFO - Error: could not translate host name "project-airbyte-db" to address: Name or service not known
[2024-03-03T00:59:39.839+0000] {logging_mixin.py:188} INFO - Error: could not translate host name "project-airbyte-db" to address: Name or service not known
[2024-03-03T00:59:39.843+0000] {logging_mixin.py:188} INFO - Error: could not translate host name "project-airbyte-db" to address: Name or service not known
[2024-03-03T00:59:39.848+0000] {logging_mixin.py:188} INFO - Error: could not translate host name "project-airbyte-db" to address: Name or service not known
[2024-03-03T00:59:39.852+0000] {logging_mixin.py:188} INFO - Error: could not translate host name "project-airbyte-db" to address: Name or service not known
[2024-03-03T00:59:39.855+0000] {logging_mixin.py:188} INFO - Error: could not translate host name "project-airbyte-db" to address: Name or service not known
[2024-03-03T00:59:39.861+0000] {logging_mixin.py:188} INFO - Error: could not translate host name "project-airbyte-db" to address: Name or service not known
[2024-03-03T00:59:39.867+0000] {logging_mixin.py:188} INFO - Error: could not translate host name "project-airbyte-db" to address: Name or service not known
[2024-03-03T00:59:39.872+0000] {logging_mixin.py:188} INFO - Error: could not translate host name "project-airbyte-db" to address: Name or service not known
[2024-03-03T00:59:39.872+0000] {logging_mixin.py:188} INFO - Data generation complete.
[2024-03-03T00:59:39.873+0000] {python.py:202} INFO - Done. Returned value was: None
[2024-03-03T00:59:39.878+0000] {taskinstance.py:1149} INFO - Marking task as SUCCESS. dag_id=generate_data, task_id=generate_transaction_data, execution_date=20240302T000000, start_date=20240303T005939, end_date=20240303T005939
[2024-03-03T00:59:39.922+0000] {local_task_job_runner.py:234} INFO - Task exited with return code 0
[2024-03-03T00:59:39.937+0000] {taskinstance.py:3309} INFO - 1 downstream tasks scheduled from follow-on schedule check
