[2024-08-29T14:23:13.141+0000] {taskinstance.py:1979} INFO - Dependencies all met for dep_context=non-requeueable deps ti=<TaskInstance: customer_metrics.write_to_staging scheduled__2024-08-28T00:00:00+00:00 [queued]>
[2024-08-29T14:23:13.147+0000] {taskinstance.py:1979} INFO - Dependencies all met for dep_context=requeueable deps ti=<TaskInstance: customer_metrics.write_to_staging scheduled__2024-08-28T00:00:00+00:00 [queued]>
[2024-08-29T14:23:13.147+0000] {taskinstance.py:2193} INFO - Starting attempt 1 of 1
[2024-08-29T14:23:13.155+0000] {taskinstance.py:2214} INFO - Executing <Task(AirbyteTriggerSyncOperator): write_to_staging> on 2024-08-28 00:00:00+00:00
[2024-08-29T14:23:13.160+0000] {standard_task_runner.py:60} INFO - Started process 61011 to run task
[2024-08-29T14:23:13.163+0000] {standard_task_runner.py:87} INFO - Running: ['airflow', 'tasks', 'run', 'customer_metrics', 'write_to_staging', 'scheduled__2024-08-28T00:00:00+00:00', '--job-id', '13', '--raw', '--subdir', 'DAGS_FOLDER/customer_metrics.py', '--cfg-path', '/tmp/tmpjv54640s']
[2024-08-29T14:23:13.166+0000] {standard_task_runner.py:88} INFO - Job 13: Subtask write_to_staging
[2024-08-29T14:23:13.204+0000] {task_command.py:423} INFO - Running <TaskInstance: customer_metrics.write_to_staging scheduled__2024-08-28T00:00:00+00:00 [running]> on host d3a9f90a4da3
[2024-08-29T14:23:13.251+0000] {taskinstance.py:2510} INFO - Exporting env vars: AIRFLOW_CTX_DAG_OWNER='airflow' AIRFLOW_CTX_DAG_ID='customer_metrics' AIRFLOW_CTX_TASK_ID='write_to_staging' AIRFLOW_CTX_EXECUTION_DATE='2024-08-28T00:00:00+00:00' AIRFLOW_CTX_TRY_NUMBER='1' AIRFLOW_CTX_DAG_RUN_ID='scheduled__2024-08-28T00:00:00+00:00'
[2024-08-29T14:23:13.258+0000] {base.py:83} INFO - Using connection ID 'airbyte' for task execution.
[2024-08-29T14:23:13.522+0000] {airbyte.py:86} INFO - Job 6 was submitted to Airbyte Server
[2024-08-29T14:23:13.523+0000] {airbyte.py:88} INFO - Waiting for job 6 to complete
[2024-08-29T14:23:16.601+0000] {base.py:83} INFO - Using connection ID 'airbyte' for task execution.
[2024-08-29T14:23:19.742+0000] {base.py:83} INFO - Using connection ID 'airbyte' for task execution.
[2024-08-29T14:23:22.794+0000] {base.py:83} INFO - Using connection ID 'airbyte' for task execution.
[2024-08-29T14:23:25.834+0000] {base.py:83} INFO - Using connection ID 'airbyte' for task execution.
[2024-08-29T14:23:28.884+0000] {base.py:83} INFO - Using connection ID 'airbyte' for task execution.
[2024-08-29T14:23:31.930+0000] {base.py:83} INFO - Using connection ID 'airbyte' for task execution.
[2024-08-29T14:23:34.981+0000] {base.py:83} INFO - Using connection ID 'airbyte' for task execution.
[2024-08-29T14:23:38.056+0000] {base.py:83} INFO - Using connection ID 'airbyte' for task execution.
[2024-08-29T14:23:41.140+0000] {base.py:83} INFO - Using connection ID 'airbyte' for task execution.
[2024-08-29T14:23:44.238+0000] {base.py:83} INFO - Using connection ID 'airbyte' for task execution.
[2024-08-29T14:23:44.271+0000] {airbyte.py:112} INFO - Job 6 completed successfully
[2024-08-29T14:23:44.302+0000] {taskinstance.py:1149} INFO - Marking task as SUCCESS. dag_id=customer_metrics, task_id=write_to_staging, execution_date=20240828T000000, start_date=20240829T142313, end_date=20240829T142344
[2024-08-29T14:23:44.354+0000] {local_task_job_runner.py:234} INFO - Task exited with return code 0
[2024-08-29T14:23:44.388+0000] {taskinstance.py:3309} INFO - 1 downstream tasks scheduled from follow-on schedule check
